<?xml version="1.0" encoding="UTF-8"?>
<testng-results ignored="0" total="1" passed="1" failed="0" skipped="0">
  <reporter-output>
  </reporter-output>
  <suite started-at="2023-12-10T12:47:38 EET" name="Default suite" finished-at="2023-12-10T12:47:58 EET" duration-ms="20022">
    <groups>
    </groups>
    <test started-at="2023-12-10T12:47:38 EET" name="Default test" finished-at="2023-12-10T12:47:58 EET" duration-ms="20022">
      <class name="com.exerciseproject.homepagetest.AddToCartFromRecommendedItemsTest">
        <test-method is-config="true" signature="setUp()[pri:0, instance:com.exerciseproject.homepagetest.AddToCartFromRecommendedItemsTest@ceb4bd2]" started-at="2023-12-10T12:47:38 EET" name="setUp" finished-at="2023-12-10T12:47:53 EET" duration-ms="14468" status="PASS">
          <reporter-output>
          </reporter-output>
        </test-method> <!-- setUp -->
        <test-method signature="addRecommendedItemsTest()[pri:0, instance:com.exerciseproject.homepagetest.AddToCartFromRecommendedItemsTest@ceb4bd2]" started-at="2023-12-10T12:47:53 EET" name="addRecommendedItemsTest" finished-at="2023-12-10T12:47:58 EET" duration-ms="5377" status="PASS">
          <reporter-output>
          </reporter-output>
        </test-method> <!-- addRecommendedItemsTest -->
      </class> <!-- com.exerciseproject.homepagetest.AddToCartFromRecommendedItemsTest -->
    </test> <!-- Default test -->
  </suite> <!-- Default suite -->
</testng-results>
